<?xml version="1.0" encoding="UTF-8"?>
<testsuite xmlns:xsi="http://www.w3.org/2001/XMLSchema-instance" xsi:noNamespaceSchemaLocation="https://maven.apache.org/surefire/maven-surefire-plugin/xsd/surefire-test-report.xsd" version="3.0.2" name="com.example.primeiro_projeto.PrimeiroProjetoApplicationTests" time="2.711" tests="1" errors="0" skipped="0" failures="0">
  <properties>
[...]
</properties>
  <testcase name="contextLoads" classname="com.example.primeiro_projeto.PrimeiroProjetoApplicationTests" time="0.707">
    <system-out><![CDATA[14:57:59.630 [main] INFO org.springframework.test.context.support.AnnotationConfigContextLoaderUtils -- Could not detect default configuration classes for test class [com.example.primeiro_projeto.PrimeiroProjetoApplicationTests]: PrimeiroProjetoApplicationTests does not declare any static, non-private, non-final, nested classes annotated with @Configuration.
14:57:59.747 [main] INFO org.springframework.boot.test.context.SpringBootTestContextBootstrapper -- Found @SpringBootConfiguration com.example.primeiro_projeto.PrimeiroProjetoApplication for test class com.example.primeiro_projeto.PrimeiroProjetoApplicationTests

  .   ____          _            __ _ _
 /\\ / ___'_ __ _ _(_)_ __  __ _ \ \ \ \
( ( )\___ | '_ | '_| | '_ \/ _` | \ \ \ \
 \\/  ___)| |_)| | | | | || (_| |  ) ) ) )
  '  |____| .__|_| |_|_| |_\__, | / / / /
 =========|_|==============|___/=/_/_/_/

 :: Spring Boot ::                (v3.4.3)

2025-03-20T14:58:00.211-03:00  INFO 13916 --- [primeiro-projeto] [           main] c.e.p.PrimeiroProjetoApplicationTests    : Starting PrimeiroProjetoApplicationTests using Java 23.0.1 with PID 13916 (started by paulo in C:\Users\paulo\Documents\000-UFPR-TADS\000-UFPR-TADS\6 semestre\WEB 2\TrabalhoAula1\primeiro-projeto\primeiro-projeto)
2025-03-20T14:58:00.211-03:00  INFO 13916 --- [primeiro-projeto] [           main] c.e.p.PrimeiroProjetoApplicationTests    : No active profile set, falling back to 1 default profile: "default"
2025-03-20T14:58:01.446-03:00  INFO 13916 --- [primeiro-projeto] [           main] c.e.p.PrimeiroProjetoApplicationTests    : Started PrimeiroProjetoApplicationTests in 1.552 seconds (process running for 2.527)
]]></system-out>
    <system-err><![CDATA[Mockito is currently self-attaching to enable the inline-mock-maker. This will no longer work in future releases of the JDK. Please add Mockito as an agent to your build what is described in Mockito's documentation: https://javadoc.io/doc/org.mockito/mockito-core/latest/org/mockito/Mockito.html#0.3
WARNING: A Java agent has been loaded dynamically (C:\Users\paulo\.m2\repository\net\bytebuddy\byte-buddy-agent\1.15.11\byte-buddy-agent-1.15.11.jar)
WARNING: If a serviceability tool is in use, please run with -XX:+EnableDynamicAgentLoading to hide this warning
WARNING: If a serviceability tool is not in use, please run with -Djdk.instrument.traceUsage for more information
WARNING: Dynamic loading of agents will be disallowed by default in a future release
]]></system-err>
  </testcase>
</testsuite>